Line 41: Class MSComctlLib.ListView of control lvwMensagens was not a loaded control class.
Line 164: Class MSComctlLib.ListView of control lvwErrosValidacaoNF was not a loaded control class.
Line 308: Class MSComctlLib.ListView of control lvwNFsItens was not a loaded control class.
Line 338: Class MSComctlLib.ListView of control lvwNFsPagamentos was not a loaded control class.
Line 617: Class MSComctlLib.ListView of control lvwNFs was not a loaded control class.
Line 648: Class MSMask.MaskEdBox of control mskDataInicial was not a loaded control class.
Line 662: Class MSMask.MaskEdBox of control mskDataFinal was not a loaded control class.
Line 705: Class MSComctlLib.StatusBar of control StatusBar was not a loaded control class.
Line 47: The property name _ExtentX in lvwMensagens is invalid.
Line 48: The property name _ExtentY in lvwMensagens is invalid.
Line 49: The property name View in lvwMensagens is invalid.
Line 50: The property name LabelEdit in lvwMensagens is invalid.
Line 51: The property name Sorted in lvwMensagens is invalid.
Line 52: The property name LabelWrap in lvwMensagens is invalid.
Line 53: The property name HideSelection in lvwMensagens is invalid.
Line 54: The property name FullRowSelect in lvwMensagens is invalid.
Line 55: The property name _Version in lvwMensagens is invalid.
Line 69: The property name NumItems in lvwMensagens is invalid.
Line 170: The property name _ExtentX in lvwErrosValidacaoNF is invalid.
Line 171: The property name _ExtentY in lvwErrosValidacaoNF is invalid.
Line 172: The property name View in lvwErrosValidacaoNF is invalid.
Line 173: The property name LabelEdit in lvwErrosValidacaoNF is invalid.
Line 174: The property name Sorted in lvwErrosValidacaoNF is invalid.
Line 175: The property name LabelWrap in lvwErrosValidacaoNF is invalid.
Line 176: The property name HideSelection in lvwErrosValidacaoNF is invalid.
Line 177: The property name FullRowSelect in lvwErrosValidacaoNF is invalid.
Line 178: The property name _Version in lvwErrosValidacaoNF is invalid.
Line 192: The property name NumItems in lvwErrosValidacaoNF is invalid.
Line 314: The property name _ExtentX in lvwNFsItens is invalid.
Line 315: The property name _ExtentY in lvwNFsItens is invalid.
Line 316: The property name View in lvwNFsItens is invalid.
Line 317: The property name LabelEdit in lvwNFsItens is invalid.
Line 318: The property name Sorted in lvwNFsItens is invalid.
Line 319: The property name LabelWrap in lvwNFsItens is invalid.
Line 320: The property name HideSelection in lvwNFsItens is invalid.
Line 321: The property name FullRowSelect in lvwNFsItens is invalid.
Line 322: The property name _Version in lvwNFsItens is invalid.
Line 336: The property name NumItems in lvwNFsItens is invalid.
Line 344: The property name _ExtentX in lvwNFsPagamentos is invalid.
Line 345: The property name _ExtentY in lvwNFsPagamentos is invalid.
Line 346: The property name View in lvwNFsPagamentos is invalid.
Line 347: The property name LabelEdit in lvwNFsPagamentos is invalid.
Line 348: The property name Sorted in lvwNFsPagamentos is invalid.
Line 349: The property name LabelWrap in lvwNFsPagamentos is invalid.
Line 350: The property name HideSelection in lvwNFsPagamentos is invalid.
Line 351: The property name FullRowSelect in lvwNFsPagamentos is invalid.
Line 352: The property name _Version in lvwNFsPagamentos is invalid.
Line 366: The property name NumItems in lvwNFsPagamentos is invalid.
Line 623: The property name _ExtentX in lvwNFs is invalid.
Line 624: The property name _ExtentY in lvwNFs is invalid.
Line 625: The property name View in lvwNFs is invalid.
Line 626: The property name LabelEdit in lvwNFs is invalid.
Line 627: The property name SortOrder in lvwNFs is invalid.
Line 628: The property name Sorted in lvwNFs is invalid.
Line 629: The property name LabelWrap in lvwNFs is invalid.
Line 630: The property name HideSelection in lvwNFs is invalid.
Line 631: The property name FullRowSelect in lvwNFs is invalid.
Line 632: The property name _Version in lvwNFs is invalid.
Line 646: The property name NumItems in lvwNFs is invalid.
Line 654: The property name _ExtentX in mskDataInicial is invalid.
Line 655: The property name _ExtentY in mskDataInicial is invalid.
Line 656: The property name _Version in mskDataInicial is invalid.
Line 658: The property name MaxLength in mskDataInicial is invalid.
Line 659: The property name Mask in mskDataInicial is invalid.
Line 660: The property name PromptChar in mskDataInicial is invalid.
Line 668: The property name _ExtentX in mskDataFinal is invalid.
Line 669: The property name _ExtentY in mskDataFinal is invalid.
Line 670: The property name _Version in mskDataFinal is invalid.
Line 672: The property name MaxLength in mskDataFinal is invalid.
Line 673: The property name Mask in mskDataFinal is invalid.
Line 674: The property name PromptChar in mskDataFinal is invalid.
Line 712: The property name _ExtentX in StatusBar is invalid.
Line 713: The property name _ExtentY in StatusBar is invalid.
Line 714: The property name _Version in StatusBar is invalid.
Line 760: The property name Panels in StatusBar is invalid.
