Line 42: Class TabDlg.SSTab of control SSTab1 was not a loaded control class.
Line 135: Class MSMask.MaskEdBox of control mskQuantidade was not a loaded control class.
Line 157: Class MSMask.MaskEdBox of control mskDesconto was not a loaded control class.
Line 179: Class MSMask.MaskEdBox of control mskValorUnitario was not a loaded control class.
Line 201: Class MSComctlLib.ListView of control lvwProdutos was not a loaded control class.
Line 230: Class MSMask.MaskEdBox of control mskBaseCalculoICMS was not a loaded control class.
Line 243: Class MSMask.MaskEdBox of control mskBaseICMSSubstituicao was not a loaded control class.
Line 256: Class MSMask.MaskEdBox of control mskOutrasDespesas was not a loaded control class.
Line 269: Class MSMask.MaskEdBox of control mskValorICMS was not a loaded control class.
Line 282: Class MSMask.MaskEdBox of control mskValorFrete was not a loaded control class.
Line 295: Class MSMask.MaskEdBox of control mskValorICMSSubstituicao was not a loaded control class.
Line 308: Class MSMask.MaskEdBox of control mskCodigoBarra was not a loaded control class.
Line 568: Class MSMask.MaskEdBox of control mskNumero was not a loaded control class.
Line 581: Class MSMask.MaskEdBox of control mskCFOP was not a loaded control class.
Line 594: Class MSMask.MaskEdBox of control mskCupom was not a loaded control class.
Line 607: Class MSMask.MaskEdBox of control mskDescontoGeral was not a loaded control class.
Line 629: Class MSMask.MaskEdBox of control mskBonificacao was not a loaded control class.
Line 759: Class MSMask.MaskEdBox of control mskDataEmissao was not a loaded control class.
Line 772: Class MSMask.MaskEdBox of control mskDataVencimento was not a loaded control class.
Line 785: Class MSMask.MaskEdBox of control mskHora was not a loaded control class.
Line 911: Class MSMask.MaskEdBox of control mskPlaca was not a loaded control class.
Line 924: Class MSMask.MaskEdBox of control mskVolumePesoBruto was not a loaded control class.
Line 946: Class MSMask.MaskEdBox of control mskVolumePesoLiquido was not a loaded control class.
Line 1094: Class MSMask.MaskEdBox of control mskNumeroBoleto was not a loaded control class.
Line 1105: Class MSMask.MaskEdBox of control mskVencimentoBoleto was not a loaded control class.
Line 1118: Class MSMask.MaskEdBox of control mskValorBoleto was not a loaded control class.
Line 1140: Class MSComctlLib.ListView of control lvwBoletos was not a loaded control class.
Line 1291: Class MSComctlLib.ImageList of control imgToolBar was not a loaded control class.
Line 1325: Class MSComctlLib.Toolbar of control Toolbar was not a loaded control class.
