Line 19: Class MSComDlg.CommonDialog of control cdlgImprimirNota was not a loaded control class.
Line 26: Class MSComctlLib.ImageList of control ImageList1 was not a loaded control class.
Line 88: Class TabDlg.SSTab of control SSTab1 was not a loaded control class.
Line 165: Class MSMask.MaskEdBox of control mskNumeroNFeComplementar was not a loaded control class.
Line 275: Class MSMask.MaskEdBox of control mskNumeroBoleto was not a loaded control class.
Line 286: Class MSMask.MaskEdBox of control mskVencimentoBoleto was not a loaded control class.
Line 299: Class MSMask.MaskEdBox of control mskValorBoleto was not a loaded control class.
Line 321: Class MSComctlLib.ListView of control lvwBoletos was not a loaded control class.
Line 442: Class MSMask.MaskEdBox of control mskPlaca was not a loaded control class.
Line 455: Class MSMask.MaskEdBox of control mskVolumePesoBruto was not a loaded control class.
Line 477: Class MSMask.MaskEdBox of control mskVolumePesoLiquido was not a loaded control class.
Line 623: Class MSMask.MaskEdBox of control mskDataEmissao was not a loaded control class.
Line 636: Class MSMask.MaskEdBox of control mskDataVencimento was not a loaded control class.
Line 649: Class MSMask.MaskEdBox of control mskHora was not a loaded control class.
Line 745: Class MSMask.MaskEdBox of control mskNumero was not a loaded control class.
Line 758: Class MSMask.MaskEdBox of control mskCFOP was not a loaded control class.
Line 771: Class MSMask.MaskEdBox of control mskCupom was not a loaded control class.
Line 784: Class MSMask.MaskEdBox of control mskDescontoGeral was not a loaded control class.
Line 806: Class MSMask.MaskEdBox of control mskBonificacao was not a loaded control class.
Line 963: Class MSMask.MaskEdBox of control mskCNPJ_CPF was not a loaded control class.
Line 1038: Class MSMask.MaskEdBox of control mskQuantidade was not a loaded control class.
Line 1060: Class MSMask.MaskEdBox of control mskDesconto was not a loaded control class.
Line 1082: Class MSMask.MaskEdBox of control mskUnitario was not a loaded control class.
Line 1105: Class MSComctlLib.ListView of control lvwProdutos was not a loaded control class.
Line 1134: Class MSMask.MaskEdBox of control mskBaseCalculoICMS was not a loaded control class.
Line 1147: Class MSMask.MaskEdBox of control mskBaseICMSSubstituicao was not a loaded control class.
Line 1160: Class MSMask.MaskEdBox of control mskValorTotalProdutos was not a loaded control class.
Line 1173: Class MSMask.MaskEdBox of control mskValorTotalNota was not a loaded control class.
Line 1186: Class MSMask.MaskEdBox of control mskOutrasDespesas was not a loaded control class.
Line 1199: Class MSMask.MaskEdBox of control mskValorICMS was not a loaded control class.
Line 1212: Class MSMask.MaskEdBox of control mskValorFrete was not a loaded control class.
Line 1225: Class MSMask.MaskEdBox of control mskValorICMSSubstituicao was not a loaded control class.
Line 1427: Class MSComctlLib.Toolbar of control Toolbar was not a loaded control class.
